2024-09-09 16:10:58 -  - exec CUpdateClientPartner::SearchModulesEx
2024-09-09 16:10:58 -  - exec CUpdateClientPartner::__CollectRequestData
2024-09-09 16:10:58 -  - utf=Y&lang=ru&stable=Y&CANGZIP=Y&SUPD_DBS=MYSQL&XE=N&CLIENT_SITE=bitrix.test&LICENSE_KEY=X&SUPD_STS=1&SUPD_URS=1&TYPENC=D&CLIENT_PHPVER=8.0.30&NGINX=Y&dbv=5.7.44&instm=main%2C23.300.100%2CY%3Bb24connector%2C22.0.0%2CN%3Bbitrix.sitecorporate%2C15.5.0%2CN%3Bbitrixcloud%2C22.100.0%2CN%3Bclouds%2C23.0.0%2CN%3Bfileman%2C22.300.0%2CN%3Bhighloadblock%2C22.200.0%2CN%3Biblock%2C23.100.0%2CN%3Blanding%2C23.600.150%2CN%3Blocation%2C23.0.0%2CN%3Bmessageservice%2C23.0.0%2CN%3Bperfmon%2C21.0.0%2CN%3Brest%2C23.100.0%2CN%3Bsearch%2C22.100.0%2CN%3Bseo%2C23.200.0%2CN%3Bsocialservices%2C22.200.400%2CN%3Btranslate%2C23.200.0%2CN%3Bui%2C22.1600.0%2CN&search_module_id=&search_module=&search_category=7%2C14&search_type=&search_order=DESC&search_order_by=SORT&search_page=1&SUPD_SRS=RU&SUPD_CMP=N
2024-09-09 16:10:58 -  - exec CUpdateClientPartner::GetHTTPPage
2024-09-09 16:10:59 -  - TIME SearchModulesEx(request) 0.641 sec
2024-09-09 16:10:59 -  - exec CUpdateClientPartner::ParseServerData
2024-09-09 16:11:05 -  - exec CUpdateClientPartner::LoadModulesUpdates
2024-09-09 16:11:05 -  - exec CUpdateClientPartner::__CollectRequestData
2024-09-09 16:11:05 -  - utf=Y&lang=ru&stable=Y&CANGZIP=Y&SUPD_DBS=MYSQL&XE=N&CLIENT_SITE=bitrix.test&LICENSE_KEY=X&SUPD_STS=1&SUPD_URS=1&TYPENC=D&CLIENT_PHPVER=8.0.30&NGINX=Y&dbv=5.7.44&instm=main%2C23.300.100%2CY%3Bb24connector%2C22.0.0%2CN%3Bbitrix.sitecorporate%2C15.5.0%2CN%3Bbitrixcloud%2C22.100.0%2CN%3Bclouds%2C23.0.0%2CN%3Bfileman%2C22.300.0%2CN%3Bhighloadblock%2C22.200.0%2CN%3Biblock%2C23.100.0%2CN%3Blanding%2C23.600.150%2CN%3Blocation%2C23.0.0%2CN%3Bmessageservice%2C23.0.0%2CN%3Bperfmon%2C21.0.0%2CN%3Brest%2C23.100.0%2CN%3Bsearch%2C22.100.0%2CN%3Bseo%2C23.200.0%2CN%3Bsocialservices%2C22.200.400%2CN%3Btranslate%2C23.200.0%2CN%3Bui%2C22.1600.0%2CN&reqm=nsandrey.emptyinstall&lim=Y&SUPD_SRS=RU&SUPD_CMP=N
2024-09-09 16:11:05 -  - exec CUpdateClientPartner::GetHTTPPage
2024-09-09 16:11:11 -  - TIME LoadModulesUpdates(request) 6.546 sec
2024-09-09 16:11:11 -  - exec CUpdateClientPartner::ParseServerData
2024-09-09 16:11:11 - S - STEP
2024-09-09 16:11:11 - LM4W01 - loadModule4Wizard-Step
2024-09-09 16:11:11 -  - exec CUpdateClientPartner::LoadModulesUpdates
2024-09-09 16:11:11 -  - exec CUpdateClientPartner::ParseServerData
2024-09-09 16:11:11 -  - loadFile
2024-09-09 16:11:12 - U - RETURN
2024-09-09 16:11:12 -  - exec CUpdateClientPartner::UnGzipArchive
2024-09-09 16:11:12 -  - TIME UnGzipArchive 0.158 sec
2024-09-09 16:11:12 -  - TIME UpdateStepModules 0.099 sec
2024-09-09 16:11:12 -  - exec CUpdateClientPartner::LoadModulesUpdates
2024-09-09 16:11:12 -  - exec CUpdateClientPartner::__CollectRequestData
2024-09-09 16:11:12 -  - utf=Y&lang=ru&stable=Y&CANGZIP=Y&SUPD_DBS=MYSQL&XE=N&CLIENT_SITE=bitrix.test&LICENSE_KEY=X&SUPD_STS=1&SUPD_URS=1&TYPENC=D&CLIENT_PHPVER=8.0.30&NGINX=Y&dbv=5.7.44&instm=main%2C23.300.100%2CY%3Bb24connector%2C22.0.0%2CN%3Bbitrix.sitecorporate%2C15.5.0%2CN%3Bbitrixcloud%2C22.100.0%2CN%3Bclouds%2C23.0.0%2CN%3Bfileman%2C22.300.0%2CN%3Bhighloadblock%2C22.200.0%2CN%3Biblock%2C23.100.0%2CN%3Blanding%2C23.600.150%2CN%3Blocation%2C23.0.0%2CN%3Bmessageservice%2C23.0.0%2CN%3Bnsandrey.emptyinstall%2C1.0.5%2CN%3Bperfmon%2C21.0.0%2CN%3Brest%2C23.100.0%2CN%3Bsearch%2C22.100.0%2CN%3Bseo%2C23.200.0%2CN%3Bsocialservices%2C22.200.400%2CN%3Btranslate%2C23.200.0%2CN%3Bui%2C22.1600.0%2CN&reqm=nsandrey.emptyinstall&lim=Y&SUPD_SRS=RU&SUPD_CMP=N
2024-09-09 16:11:12 -  - exec CUpdateClientPartner::GetHTTPPage
2024-09-09 16:11:12 -  - TIME LoadModulesUpdates(request) 0.163 sec
2024-09-09 16:11:12 -  - exec CUpdateClientPartner::ParseServerData
2024-09-09 16:11:12 - STEP - Finish - NOUPDATES
2024-09-09 16:11:12 - LM4W03 - Finish - NOUPDATES
2024-09-09 16:11:22 -  - exec CUpdateClientPartner::__CollectRequestData
2024-09-09 16:11:22 -  - exec CUpdateClientPartner::GetHTTPPage
2024-09-09 16:11:23 -  - exec CUpdateClientPartner::ParseServerData
2024-09-09 16:11:23 -  - exec CUpdateClientPartner::GetUpdatesList
2024-09-09 16:11:23 -  - exec CUpdateClientPartner::__CollectRequestData
2024-09-09 16:11:23 -  - utf=Y&lang=ru&stable=Y&CANGZIP=Y&SUPD_DBS=MYSQL&XE=N&CLIENT_SITE=bitrix.test&LICENSE_KEY=X&SUPD_STS=1&SUPD_URS=1&TYPENC=D&CLIENT_PHPVER=8.0.30&NGINX=Y&dbv=5.7.44&instm=main%2C23.300.100%2CY%3Bb24connector%2C22.0.0%2CN%3Bbitrix.sitecorporate%2C15.5.0%2CN%3Bbitrixcloud%2C22.100.0%2CN%3Bclouds%2C23.0.0%2CN%3Bfileman%2C22.300.0%2CN%3Bhighloadblock%2C22.200.0%2CN%3Biblock%2C23.100.0%2CN%3Blanding%2C23.600.150%2CN%3Blocation%2C23.0.0%2CN%3Bmessageservice%2C23.0.0%2CN%3Bnsandrey.emptyinstall%2C1.0.5%2CN%3Bperfmon%2C21.0.0%2CN%3Brest%2C23.100.0%2CN%3Bsearch%2C22.100.0%2CN%3Bseo%2C23.200.0%2CN%3Bsocialservices%2C22.200.400%2CN%3Btranslate%2C23.200.0%2CN%3Bui%2C22.1600.0%2CN&reqm=bitrix.sitecorporate%2Cnsandrey.emptyinstall&fullmoduleinfo=Y&SUPD_SRS=RU&SUPD_CMP=N
2024-09-09 16:11:23 -  - exec CUpdateClientPartner::GetHTTPPage
2024-09-09 16:11:23 -  - TIME GetUpdatesList(request) 0.158 sec
2024-09-09 16:11:23 -  - exec CUpdateClientPartner::ParseServerData
2024-09-09 16:11:23 -  - exec CUpdateClientPartner::__CollectRequestData
2024-09-09 16:11:23 -  - exec CUpdateClientPartner::GetHTTPPage
2024-09-09 16:11:23 -  - exec CUpdateClientPartner::ParseServerData
2024-09-13 19:39:07 -  - exec CUpdateClientPartner::__CollectRequestData
2024-09-13 19:39:07 -  - exec CUpdateClientPartner::GetHTTPPage
2024-09-13 19:39:07 - ERRCONN - Error connecting 2 www.1c-bitrix.ru: [0] php_network_getaddresses: getaddrinfo failed: Этот хост неизвестен. 
2024-09-13 19:39:07 -  - exec CUpdateClientPartner::GetUpdatesList
2024-09-13 19:39:07 -  - exec CUpdateClientPartner::__CollectRequestData
2024-09-13 19:39:07 -  - utf=Y&lang=ru&stable=Y&CANGZIP=Y&SUPD_DBS=MYSQL&XE=N&CLIENT_SITE=bitrix.test&LICENSE_KEY=X&SUPD_STS=1&SUPD_URS=1&TYPENC=D&CLIENT_PHPVER=8.0.30&NGINX=Y&dbv=5.7.44&instm=main%2C23.300.100%2CY%3Bb24connector%2C22.0.0%2CN%3Bbitrix.sitecorporate%2C15.5.0%2CN%3Bbitrixcloud%2C22.100.0%2CN%3Bclouds%2C23.0.0%2CN%3Bfileman%2C22.300.0%2CN%3Bhighloadblock%2C22.200.0%2CN%3Biblock%2C23.100.0%2CN%3Blanding%2C23.600.150%2CN%3Blocation%2C23.0.0%2CN%3Bmessageservice%2C23.0.0%2CN%3Bnsandrey.emptyinstall%2C1.0.5%2CN%3Bperfmon%2C21.0.0%2CN%3Brest%2C23.100.0%2CN%3Bsearch%2C22.100.0%2CN%3Bseo%2C23.200.0%2CN%3Bsocialservices%2C22.200.400%2CN%3Btranslate%2C23.200.0%2CN%3Bui%2C22.1600.0%2CN&reqm=bitrix.sitecorporate%2Cnsandrey.emptyinstall&fullmoduleinfo=Y&SUPD_SRS=RU&SUPD_CMP=N
2024-09-13 19:39:07 -  - exec CUpdateClientPartner::GetHTTPPage
2024-09-13 19:39:07 - ERRCONN - Error connecting 2 www.1c-bitrix.ru: [0] php_network_getaddresses: getaddrinfo failed: Этот хост неизвестен. 
2024-09-13 19:39:07 -  - TIME GetUpdatesList(request) 0.001 sec
2024-09-13 19:39:07 - GUL02 - РћС€РёР±РєР° СЃРѕРµРґРёРЅРµРЅРёСЏ СЃ СЃРµСЂРІРµСЂРѕРј РѕР±РЅРѕРІР»РµРЅРёР№: [0] php_network_getaddresses: getaddrinfo failed: Этот хост неизвестен. . РќРµС‚ СЃРѕРµРґРёРЅРµРЅРёСЏ СЃ СЃРµСЂРІРµСЂРѕРј РѕР±РЅРѕРІР»РµРЅРёР№. 
2024-09-13 19:39:07 -  - exec CUpdateClientPartner::__CollectRequestData
2024-09-13 19:39:07 -  - exec CUpdateClientPartner::GetHTTPPage
2024-09-13 19:39:07 - ERRCONN - Error connecting 2 www.1c-bitrix.ru: [0] php_network_getaddresses: getaddrinfo failed: Этот хост неизвестен. 
2024-09-14 22:32:14 -  - exec CUpdateClientPartner::__CollectRequestData
2024-09-14 22:32:14 -  - exec CUpdateClientPartner::GetHTTPPage
2024-09-14 22:32:14 -  - exec CUpdateClientPartner::ParseServerData
2024-09-14 22:32:14 -  - exec CUpdateClientPartner::GetUpdatesList
2024-09-14 22:32:14 -  - exec CUpdateClientPartner::__CollectRequestData
2024-09-14 22:32:14 -  - utf=Y&lang=ru&stable=Y&CANGZIP=Y&SUPD_DBS=MYSQL&XE=N&CLIENT_SITE=bitrix.test&LICENSE_KEY=X&SUPD_STS=1&SUPD_URS=1&TYPENC=D&CLIENT_PHPVER=8.0.30&NGINX=Y&dbv=5.7.44&instm=main%2C23.300.100%2CY%3Bb24connector%2C22.0.0%2CN%3Bbitrix.sitecorporate%2C15.5.0%2CN%3Bbitrixcloud%2C22.100.0%2CN%3Bclouds%2C23.0.0%2CN%3Bfileman%2C22.300.0%2CN%3Bhighloadblock%2C22.200.0%2CN%3Biblock%2C23.100.0%2CN%3Blanding%2C23.600.150%2CN%3Blocation%2C23.0.0%2CN%3Bmessageservice%2C23.0.0%2CN%3Bnsandrey.emptyinstall%2C1.0.5%2CN%3Bperfmon%2C21.0.0%2CN%3Brest%2C23.100.0%2CN%3Bsearch%2C22.100.0%2CN%3Bseo%2C23.200.0%2CN%3Bsocialservices%2C22.200.400%2CN%3Btranslate%2C23.200.0%2CN%3Bui%2C22.1600.0%2CN&reqm=bitrix.sitecorporate%2Cnsandrey.emptyinstall&fullmoduleinfo=Y&SUPD_SRS=RU&SUPD_CMP=N
2024-09-14 22:32:14 -  - exec CUpdateClientPartner::GetHTTPPage
2024-09-14 22:32:14 -  - TIME GetUpdatesList(request) 0.218 sec
2024-09-14 22:32:14 -  - exec CUpdateClientPartner::ParseServerData
2024-09-14 22:32:14 -  - exec CUpdateClientPartner::__CollectRequestData
2024-09-14 22:32:14 -  - exec CUpdateClientPartner::GetHTTPPage
2024-09-14 22:32:14 -  - exec CUpdateClientPartner::ParseServerData
2024-09-15 22:50:22 -  - exec CUpdateClientPartner::__CollectRequestData
2024-09-15 22:50:22 -  - exec CUpdateClientPartner::GetHTTPPage
2024-09-15 22:50:22 - ERRCONN - Error connecting 2 www.1c-bitrix.ru: [0] php_network_getaddresses: getaddrinfo failed: Этот хост неизвестен. 
2024-09-15 22:50:22 -  - exec CUpdateClientPartner::GetUpdatesList
2024-09-15 22:50:22 -  - exec CUpdateClientPartner::__CollectRequestData
2024-09-15 22:50:22 -  - utf=Y&lang=ru&stable=Y&CANGZIP=Y&SUPD_DBS=MYSQL&XE=N&CLIENT_SITE=bitrix.test&LICENSE_KEY=X&SUPD_STS=1&SUPD_URS=1&TYPENC=D&CLIENT_PHPVER=8.0.30&NGINX=Y&dbv=5.7.44&instm=main%2C23.300.100%2CY%3Bb24connector%2C22.0.0%2CN%3Bbitrix.sitecorporate%2C15.5.0%2CN%3Bbitrixcloud%2C22.100.0%2CN%3Bclouds%2C23.0.0%2CN%3Bfileman%2C22.300.0%2CN%3Bhighloadblock%2C22.200.0%2CN%3Biblock%2C23.100.0%2CN%3Blanding%2C23.600.150%2CN%3Blocation%2C23.0.0%2CN%3Bmessageservice%2C23.0.0%2CN%3Bnsandrey.emptyinstall%2C1.0.5%2CN%3Bperfmon%2C21.0.0%2CN%3Brest%2C23.100.0%2CN%3Bsearch%2C22.100.0%2CN%3Bseo%2C23.200.0%2CN%3Bsocialservices%2C22.200.400%2CN%3Btranslate%2C23.200.0%2CN%3Bui%2C22.1600.0%2CN&reqm=bitrix.sitecorporate%2Cnsandrey.emptyinstall&fullmoduleinfo=Y&SUPD_SRS=RU&SUPD_CMP=N
2024-09-15 22:50:22 -  - exec CUpdateClientPartner::GetHTTPPage
2024-09-15 22:50:22 - ERRCONN - Error connecting 2 www.1c-bitrix.ru: [0] php_network_getaddresses: getaddrinfo failed: Этот хост неизвестен. 
2024-09-15 22:50:22 -  - TIME GetUpdatesList(request) 0.002 sec
2024-09-15 22:50:22 - GUL02 - РћС€РёР±РєР° СЃРѕРµРґРёРЅРµРЅРёСЏ СЃ СЃРµСЂРІРµСЂРѕРј РѕР±РЅРѕРІР»РµРЅРёР№: [0] php_network_getaddresses: getaddrinfo failed: Этот хост неизвестен. . РќРµС‚ СЃРѕРµРґРёРЅРµРЅРёСЏ СЃ СЃРµСЂРІРµСЂРѕРј РѕР±РЅРѕРІР»РµРЅРёР№. 
2024-09-15 22:50:22 -  - exec CUpdateClientPartner::__CollectRequestData
2024-09-15 22:50:22 -  - exec CUpdateClientPartner::GetHTTPPage
2024-09-15 22:50:22 - ERRCONN - Error connecting 2 www.1c-bitrix.ru: [0] php_network_getaddresses: getaddrinfo failed: Этот хост неизвестен. 
